<?xml version="1.0" encoding="UTF-8"?>
<!-- Generated by org.testng.reporters.JUnitXMLReporter -->
<testsuite ignored="0" hostname="vivobook-asuslaptop-x512flc-x512fl" failures="0" tests="7" name="Default test" time="138.49" errors="0" timestamp="2024-02-21T12:43:51 IST">
  <testcase classname="Fullflow.Sanity.Testing" name="Home_page" time="14.125"/>
  <testcase classname="Fullflow.Sanity.Testing" name="login" time="16.926"/>
  <testcase classname="Fullflow.Sanity.Testing" name="series_set" time="30.098"/>
  <testcase classname="Fullflow.Sanity.Testing" name="HD" time="20.048"/>
  <testcase classname="Fullflow.Sanity.Testing" name="Atlas_Editor" time="18.041"/>
  <testcase classname="Fullflow.Sanity.Testing" name="Cell_annotation" time="20.046"/>
  <testcase classname="Fullflow.Sanity.Testing" name="Manual_Registration" time="17.172"/>
</testsuite> <!-- Default test -->
