<?xml version="1.0" encoding="UTF-8"?>
<!-- Generated by org.testng.reporters.JUnitXMLReporter -->
<testsuite ignored="0" hostname="HbpSoft" failures="0" tests="7" name="Default test" time="117.762" errors="0" timestamp="2024-03-01T10:20:44 IST">
  <testcase classname="Fullflow.Sanity.Testing" name="Home_page" time="4.566"/>
  <testcase classname="Fullflow.Sanity.Testing" name="login" time="8.58"/>
  <testcase classname="Fullflow.Sanity.Testing" name="series_set" time="21.921"/>
  <testcase classname="Fullflow.Sanity.Testing" name="HD" time="18.149"/>
  <testcase classname="Fullflow.Sanity.Testing" name="Atlas_Editor" time="17.078"/>
  <testcase classname="Fullflow.Sanity.Testing" name="Cell_annotation" time="19.862"/>
  <testcase classname="Fullflow.Sanity.Testing" name="Manual_Registration" time="16.036"/>
</testsuite> <!-- Default test -->
