<?xml version="1.0" encoding="UTF-8"?>
<testng-results ignored="0" total="7" passed="7" failed="0" skipped="0">
  <reporter-output>
  </reporter-output>
  <suite started-at="2024-02-21T12:41:32 IST" name="Default suite" finished-at="2024-02-21T12:43:51 IST" duration-ms="138490">
    <groups>
    </groups>
    <test started-at="2024-02-21T12:41:32 IST" name="Default test" finished-at="2024-02-21T12:43:51 IST" duration-ms="138490">
      <class name="Fullflow.Sanity.Testing">
        <test-method is-config="true" signature="setup()[pri:0, instance:Fullflow.Sanity.Testing@18d87d80]" started-at="2024-02-21T12:41:32 IST" name="setup" finished-at="2024-02-21T12:41:34 IST" duration-ms="1886" status="PASS">
          <reporter-output>
          </reporter-output>
        </test-method> <!-- setup -->
        <test-method signature="Home_page()[pri:1, instance:Fullflow.Sanity.Testing@18d87d80]" started-at="2024-02-21T12:41:34 IST" name="Home_page" finished-at="2024-02-21T12:41:48 IST" duration-ms="14125" status="PASS">
          <reporter-output>
          </reporter-output>
        </test-method> <!-- Home_page -->
        <test-method signature="login()[pri:2, instance:Fullflow.Sanity.Testing@18d87d80]" started-at="2024-02-21T12:41:48 IST" name="login" finished-at="2024-02-21T12:42:05 IST" duration-ms="16926" status="PASS">
          <reporter-output>
          </reporter-output>
        </test-method> <!-- login -->
        <test-method signature="series_set()[pri:3, instance:Fullflow.Sanity.Testing@18d87d80]" started-at="2024-02-21T12:42:05 IST" name="series_set" finished-at="2024-02-21T12:42:35 IST" duration-ms="30098" status="PASS">
          <reporter-output>
          </reporter-output>
        </test-method> <!-- series_set -->
        <test-method signature="HD()[pri:4, instance:Fullflow.Sanity.Testing@18d87d80]" started-at="2024-02-21T12:42:35 IST" name="HD" finished-at="2024-02-21T12:42:55 IST" duration-ms="20048" status="PASS">
          <reporter-output>
          </reporter-output>
        </test-method> <!-- HD -->
        <test-method signature="Atlas_Editor()[pri:5, instance:Fullflow.Sanity.Testing@18d87d80]" started-at="2024-02-21T12:42:55 IST" name="Atlas_Editor" finished-at="2024-02-21T12:43:13 IST" duration-ms="18041" status="PASS">
          <reporter-output>
          </reporter-output>
        </test-method> <!-- Atlas_Editor -->
        <test-method signature="Cell_annotation()[pri:6, instance:Fullflow.Sanity.Testing@18d87d80]" started-at="2024-02-21T12:43:13 IST" name="Cell_annotation" finished-at="2024-02-21T12:43:33 IST" duration-ms="20046" status="PASS">
          <reporter-output>
          </reporter-output>
        </test-method> <!-- Cell_annotation -->
        <test-method signature="Manual_Registration()[pri:7, instance:Fullflow.Sanity.Testing@18d87d80]" started-at="2024-02-21T12:43:33 IST" name="Manual_Registration" finished-at="2024-02-21T12:43:51 IST" duration-ms="17172" status="PASS">
          <reporter-output>
          </reporter-output>
        </test-method> <!-- Manual_Registration -->
        <test-method is-config="true" signature="close()[pri:0, instance:Fullflow.Sanity.Testing@18d87d80]" started-at="2024-02-21T12:43:51 IST" name="close" finished-at="2024-02-21T12:43:51 IST" duration-ms="116" status="PASS">
          <reporter-output>
          </reporter-output>
        </test-method> <!-- close -->
      </class> <!-- Fullflow.Sanity.Testing -->
    </test> <!-- Default test -->
  </suite> <!-- Default suite -->
</testng-results>
